c:\users\ths80288\desktop\ブロック崩し\binaries\nx32\nx_release\gameswitch.nspd_root
c:\users\ths80288\desktop\block\binaries\nx32\nx_release\gameswitch.nspd_root
c:\users\ths80288\desktop\課題03移動\objects\nx32\nx_release\ball.o
c:\users\ths80288\desktop\ブロック崩し\objects\nx32\nx_release\graphicshelper.nx.o
c:\users\ths80288\desktop\ブロック崩し\objects\nx32\nx_release\bg.o
c:\users\ths80288\desktop\ブロック崩し\objects\nx32\nx_release\controller.o
c:\users\ths80288\desktop\ブロック崩し\objects\nx32\nx_release\sprite.o
c:\users\ths80288\desktop\ブロック崩し\objects\nx32\nx_release\system.o
c:\users\ths80288\desktop\ブロック崩し\objects\nx32\nx_release\texture.o
c:\users\ths80288\desktop\ブロック崩し\objects\nx32\nx_release\block.o
c:\users\ths80288\desktop\ブロック崩し\objects\nx32\nx_release\main.o
c:\users\ths80288\desktop\ブロック崩し\objects\nx32\nx_release\ball.o
c:\users\ths80288\desktop\ブロック崩し\objects\nx32\nx_release\player.o
c:\users\ths80288\desktop\block\objects\nx32\nx_release\graphicshelper.nx.o
c:\users\ths80288\desktop\block\objects\nx32\nx_release\scene.o
c:\users\ths80288\desktop\block\objects\nx32\nx_release\ball.o
c:\users\ths80288\desktop\block\objects\nx32\nx_release\bg.o
c:\users\ths80288\desktop\block\objects\nx32\nx_release\block.o
c:\users\ths80288\desktop\block\objects\nx32\nx_release\controller.o
c:\users\ths80288\desktop\block\objects\nx32\nx_release\effect.o
c:\users\ths80288\desktop\block\objects\nx32\nx_release\fade.o
c:\users\ths80288\desktop\block\objects\nx32\nx_release\game.o
c:\users\ths80288\desktop\block\objects\nx32\nx_release\item.o
c:\users\ths80288\desktop\block\objects\nx32\nx_release\main.o
c:\users\ths80288\desktop\block\objects\nx32\nx_release\player.o
c:\users\ths80288\desktop\block\objects\nx32\nx_release\gameover.o
c:\users\ths80288\desktop\block\objects\nx32\nx_release\result.o
c:\users\ths80288\desktop\block\objects\nx32\nx_release\score.o
c:\users\ths80288\desktop\block\objects\nx32\nx_release\sound.o
c:\users\ths80288\desktop\block\objects\nx32\nx_release\sprite.o
c:\users\ths80288\desktop\block\objects\nx32\nx_release\system.o
c:\users\ths80288\desktop\block\objects\nx32\nx_release\texture.o
c:\users\ths80288\desktop\block\objects\nx32\nx_release\title.o
c:/users/ths80288/desktop/ブロック崩し/binaries/nx32/nx_release/gameswitch.npdm
c:/users/ths80288/desktop/ブロック崩し/binaries/nx32/nx_release/gameswitch.nso
c:\users\ths80288\desktop\block\binaries\nx32\nx_release\gameswitch.nso
