c:\users\makito1735\source\repos\proto_shooting\release\vc141.pdb
c:\users\makito1735\source\repos\proto_shooting\release\system_timer.obj
c:\users\makito1735\source\repos\proto_shooting\release\score.obj
c:\users\makito1735\source\repos\proto_shooting\release\number.obj
c:\users\makito1735\source\repos\proto_shooting\release\main.obj
c:\users\makito1735\source\repos\proto_shooting\release\input.obj
c:\users\makito1735\source\repos\proto_shooting\release\debug_font.obj
c:\users\makito1735\source\repos\proto_shooting\release\collision.obj
c:\users\makito1735\source\repos\proto_shooting\release\sprite.obj
c:\users\makito1735\source\repos\proto_shooting\release\player.obj
c:\users\makito1735\source\repos\proto_shooting\release\patternanimation.obj
c:\users\makito1735\source\repos\proto_shooting\release\mytex.obj
c:\users\makito1735\source\repos\proto_shooting\release\mydirect3d.obj
c:\users\makito1735\source\repos\proto_shooting\release\judgement.obj
c:\users\makito1735\source\repos\proto_shooting\release\game.obj
c:\users\makito1735\source\repos\proto_shooting\release\explosion.obj
c:\users\makito1735\source\repos\proto_shooting\release\enemygenerate.obj
c:\users\makito1735\source\repos\proto_shooting\release\enemy.obj
c:\users\makito1735\source\repos\proto_shooting\release\bullet.obj
c:\users\makito1735\source\repos\proto_shooting\release\bg.obj
c:\users\makito1735\source\repos\proto_shooting\release\sound.obj
c:\users\makito1735\source\repos\proto_shooting\release\debug.obj
c:\users\makito1735\source\repos\proto_shooting\release\enemybullet.obj
c:\users\makito1735\source\repos\proto_shooting\release\title.obj
c:\users\makito1735\source\repos\proto_shooting\release\result.obj
c:\users\makito1735\source\repos\proto_shooting\release\hp_bar.obj
c:\users\makito1735\source\repos\proto_shooting\release\gameover.obj
c:\users\makito1735\source\repos\proto_shooting\release\item.obj
c:\users\makito1735\source\repos\proto_shooting\release\fade.obj
c:\users\makito1735\source\repos\proto_shooting\release\effect.obj
c:\users\makito1735\source\repos\proto_shooting\release\scene.obj
c:\users\makito1735\source\repos\proto_shooting\release\proto_shooting.exe
c:\users\makito1735\source\repos\proto_shooting\release\proto_shooting.pdb
c:\users\makito1735\source\repos\proto_shooting\release\proto_shooting.ipdb
c:\users\makito1735\source\repos\proto_shooting\release\proto_shooting.iobj
c:\users\makito1735\source\repos\proto_shooting\release\proto_shooting.tlog\cl.command.1.tlog
c:\users\makito1735\source\repos\proto_shooting\release\proto_shooting.tlog\cl.read.1.tlog
c:\users\makito1735\source\repos\proto_shooting\release\proto_shooting.tlog\cl.write.1.tlog
c:\users\makito1735\source\repos\proto_shooting\release\proto_shooting.tlog\link.command.1.tlog
c:\users\makito1735\source\repos\proto_shooting\release\proto_shooting.tlog\link.read.1.tlog
c:\users\makito1735\source\repos\proto_shooting\release\proto_shooting.tlog\link.write.1.tlog
c:\users\makito1735\source\repos\proto_shooting\release\proto_shooting.tlog\proto_shooting.write.1u.tlog
