c:\users\makito1735\source\repos\proto_shooting\debug\vc141.pdb
c:\users\makito1735\source\repos\proto_shooting\debug\vc141.idb
c:\users\makito1735\source\repos\proto_shooting\debug\mytex.obj
c:\users\makito1735\source\repos\proto_shooting\debug\mydirect3d.obj
c:\users\makito1735\source\repos\proto_shooting\debug\main.obj
c:\users\makito1735\source\repos\proto_shooting\debug\judgement.obj
c:\users\makito1735\source\repos\proto_shooting\debug\item.obj
c:\users\makito1735\source\repos\proto_shooting\debug\input.obj
c:\users\makito1735\source\repos\proto_shooting\debug\hp_bar.obj
c:\users\makito1735\source\repos\proto_shooting\debug\gameover.obj
c:\users\makito1735\source\repos\proto_shooting\debug\game.obj
c:\users\makito1735\source\repos\proto_shooting\debug\fade.obj
c:\users\makito1735\source\repos\proto_shooting\debug\explosion.obj
c:\users\makito1735\source\repos\proto_shooting\debug\enemygenerate.obj
c:\users\makito1735\source\repos\proto_shooting\debug\enemybullet.obj
c:\users\makito1735\source\repos\proto_shooting\debug\enemy.obj
c:\users\makito1735\source\repos\proto_shooting\debug\effect.obj
c:\users\makito1735\source\repos\proto_shooting\debug\debug_font.obj
c:\users\makito1735\source\repos\proto_shooting\debug\debug.obj
c:\users\makito1735\source\repos\proto_shooting\debug\collision.obj
c:\users\makito1735\source\repos\proto_shooting\debug\bullet.obj
c:\users\makito1735\source\repos\proto_shooting\debug\bg.obj
c:\users\makito1735\source\repos\proto_shooting\debug\title.obj
c:\users\makito1735\source\repos\proto_shooting\debug\system_timer.obj
c:\users\makito1735\source\repos\proto_shooting\debug\sprite.obj
c:\users\makito1735\source\repos\proto_shooting\debug\sound.obj
c:\users\makito1735\source\repos\proto_shooting\debug\score.obj
c:\users\makito1735\source\repos\proto_shooting\debug\scene.obj
c:\users\makito1735\source\repos\proto_shooting\debug\result.obj
c:\users\makito1735\source\repos\proto_shooting\debug\ranking.obj
c:\users\makito1735\source\repos\proto_shooting\debug\player.obj
c:\users\makito1735\source\repos\proto_shooting\debug\patternanimation.obj
c:\users\makito1735\source\repos\proto_shooting\debug\number.obj
c:\users\makito1735\source\repos\proto_shooting\debug\proto_shooting.exe
c:\users\makito1735\source\repos\proto_shooting\debug\proto_shooting.ilk
c:\users\makito1735\source\repos\proto_shooting\debug\proto_shooting.pdb
c:\users\makito1735\source\repos\proto_shooting\debug\proto_shooting.tlog\cl.command.1.tlog
c:\users\makito1735\source\repos\proto_shooting\debug\proto_shooting.tlog\cl.read.1.tlog
c:\users\makito1735\source\repos\proto_shooting\debug\proto_shooting.tlog\cl.write.1.tlog
c:\users\makito1735\source\repos\proto_shooting\debug\proto_shooting.tlog\link.command.1.tlog
c:\users\makito1735\source\repos\proto_shooting\debug\proto_shooting.tlog\link.read.1.tlog
c:\users\makito1735\source\repos\proto_shooting\debug\proto_shooting.tlog\link.write.1.tlog
