  Enemy.cpp
c:\users\makito1735\source\repos\proto_shooting\enemy.cpp(121): warning C4244: '=': 'double' から 'FLOAT' への変換です。データが失われる可能性があります。
c:\users\makito1735\source\repos\proto_shooting\enemy.cpp(152): warning C4305: '+=': 'double' から 'float' へ切り詰めます。
c:\users\makito1735\source\repos\proto_shooting\enemy.cpp(161): warning C4244: '=': 'double' から 'FLOAT' への変換です。データが失われる可能性があります。
c:\users\makito1735\source\repos\proto_shooting\enemy.cpp(211): warning C4244: '=': 'double' から 'FLOAT' への変換です。データが失われる可能性があります。
c:\users\makito1735\source\repos\proto_shooting\enemy.cpp(212): warning C4305: '+=': 'double' から 'float' へ切り詰めます。
  EnemyBullet.cpp
c:\users\makito1735\source\repos\proto_shooting\enemybullet.cpp(112): warning C4244: '=': 'double' から 'float' への変換です。データが失われる可能性があります。
c:\users\makito1735\source\repos\proto_shooting\enemybullet.cpp(423): warning C4456: 'i' を宣言すると、以前のローカル宣言が隠蔽されます
  c:\users\makito1735\source\repos\proto_shooting\enemybullet.cpp(411): note: 'i' の宣言を確認してください
  Explosion.cpp
  GameOver.cpp
  main.cpp
c:\users\makito1735\source\repos\proto_shooting\main.cpp(184): warning C4459: 'hWnd' を宣言すると、グローバル宣言が隠蔽されます
  c:\users\makito1735\source\repos\proto_shooting\main.cpp(69): note: 'hWnd' の宣言を確認してください
  PatternAnimation.cpp
c:\users\makito1735\source\repos\proto_shooting\patternanimation.cpp(40): warning C4244: '引数': 'float' から 'int' への変換です。データが失われる可能性があります。
c:\users\makito1735\source\repos\proto_shooting\patternanimation.cpp(56): warning C4244: '引数': 'double' から 'int' への変換です。データが失われる可能性があります。
c:\users\makito1735\source\repos\proto_shooting\patternanimation.cpp(56): warning C4244: '引数': 'float' から 'int' への変換です。データが失われる可能性があります。
c:\users\makito1735\source\repos\proto_shooting\patternanimation.cpp(71): warning C4244: '引数': 'float' から 'int' への変換です。データが失われる可能性があります。
  Player.cpp
  Pose.cpp
  Result.cpp
  Title.cpp
  コードを生成中...
c:\users\makito1735\source\repos\proto_shooting\enemy.cpp(540): warning C4715: 'LastEnemy_Parts_Exist': 値を返さないコントロール パスがあります。
c:\users\makito1735\source\repos\proto_shooting\enemy.cpp(635): warning C4715: 'LastEnemy_Parts_Collision': 値を返さないコントロール パスがあります。
c:\users\makito1735\source\repos\proto_shooting\enemy.cpp(707): warning C4715: 'LastEnemy_Parts_DMG': 値を返さないコントロール パスがあります。
Explosion.obj : error LNK2019: 未解決の外部シンボル "void __cdecl PatternAnimation_Draw_Explosion(float,float,int)" (?PatternAnimation_Draw_Explosion@@YAXMMH@Z) が関数 "void __cdecl Explosion_Draw(void)" (?Explosion_Draw@@YAXXZ) で参照されました。
C:\Users\makito1735\source\repos\Proto_Shooting\Debug\Proto_Shooting.exe : fatal error LNK1120: 1 件の未解決の外部参照
